OpenROAD 41a51eaf4ca2171c92ff38afb91eb37bbd3f36da 
This program is licensed under the BSD-3 license. See the LICENSE file for details.
Components of this program may be licensed under more restrictive licenses which must be honored.
[INFO]: Reading ODB at '/openlane/designs/hexbs/runs/RUN_2025.12.23_20.06.50/results/cts/hexbs_top.odb'…
define_corners Slowest Typical Fastest
read_liberty -corner Slowest /home/admin1/.ciel/sky130A/libs.ref/sky130_fd_sc_hd/lib/sky130_fd_sc_hd__ss_100C_1v60.lib
read_liberty -corner Typical /home/admin1/.ciel/sky130A/libs.ref/sky130_fd_sc_hd/lib/sky130_fd_sc_hd__tt_025C_1v80.lib
read_liberty -corner Fastest /home/admin1/.ciel/sky130A/libs.ref/sky130_fd_sc_hd/lib/sky130_fd_sc_hd__ff_n40C_1v95.lib
Using 1e-12 for capacitance...
Using 1e+03 for resistance...
Using 1e-09 for time...
Using 1e+00 for voltage...
Using 1e-03 for current...
Using 1e-09 for power...
Using 1e-06 for distance...
Reading design constraints file at '/openlane/designs/hexbs/runs/RUN_2025.12.23_20.06.50/results/cts/hexbs_top.sdc'…
[INFO]: Setting RC values...
[INFO RSZ-0045] Inserted 10 buffers, 1 to split loads.
[INFO RSZ-0041] Resized 64 instances.
[WARNING RSZ-0062] Unable to repair all setup violations.
[INFO RSZ-0046] Found 1712 endpoints with hold violations.
[INFO RSZ-0032] Inserted 1709 hold buffers.
Placement Analysis
---------------------------------
total displacement       6354.3 u
average displacement        0.3 u
max displacement           10.5 u
original HPWL          962520.8 u
legalized HPWL         976640.9 u
delta HPWL                    1 %

[INFO DPL-0020] Mirrored 5426 instances
[INFO DPL-0021] HPWL before          976640.9 u
[INFO DPL-0022] HPWL after           966012.7 u
[INFO DPL-0023] HPWL delta               -1.1 %
Setting global connections for newly added cells…
Writing OpenROAD database to '/openlane/designs/hexbs/runs/RUN_2025.12.23_20.06.50/tmp/cts/14-hexbs_top.resized.odb'…
Writing netlist to '/openlane/designs/hexbs/runs/RUN_2025.12.23_20.06.50/tmp/cts/14-hexbs_top.resized.nl.v'…
Writing powered netlist to '/openlane/designs/hexbs/runs/RUN_2025.12.23_20.06.50/tmp/cts/14-hexbs_top.resized.pnl.v'…
Writing layout to '/openlane/designs/hexbs/runs/RUN_2025.12.23_20.06.50/tmp/cts/14-hexbs_top.resized.def'…
Writing timing constraints to '/openlane/designs/hexbs/runs/RUN_2025.12.23_20.06.50/tmp/cts/14-hexbs_top.resized.sdc'…
area_report

===========================================================================
report_design_area
============================================================================
Design area 162128 u^2 27% utilization.
area_report_end
