
===========================================================================
 report_power
============================================================================
======================= Fastest Corner ===================================

Group                  Internal  Switching    Leakage      Total
                          Power      Power      Power      Power (Watts)
----------------------------------------------------------------
Sequential             6.60e-03   1.80e-03   5.83e-07   8.40e-03  28.7%
Combinational          9.14e-03   1.17e-02   1.79e-07   2.09e-02  71.3%
Macro                  0.00e+00   0.00e+00   0.00e+00   0.00e+00   0.0%
Pad                    0.00e+00   0.00e+00   0.00e+00   0.00e+00   0.0%
----------------------------------------------------------------
Total                  1.57e-02   1.35e-02   7.62e-07   2.92e-02 100.0%
                          53.8%      46.2%       0.0%

======================= Slowest Corner ===================================

Group                  Internal  Switching    Leakage      Total
                          Power      Power      Power      Power (Watts)
----------------------------------------------------------------
Sequential             4.49e-03   1.19e-03   3.28e-05   5.71e-03  28.5%
Combinational          6.49e-03   7.76e-03   7.05e-05   1.43e-02  71.5%
Macro                  0.00e+00   0.00e+00   0.00e+00   0.00e+00   0.0%
Pad                    0.00e+00   0.00e+00   0.00e+00   0.00e+00   0.0%
----------------------------------------------------------------
Total                  1.10e-02   8.94e-03   1.03e-04   2.00e-02 100.0%
                          54.8%      44.6%       0.5%

======================= Typical Corner ===================================

Group                  Internal  Switching    Leakage      Total
                          Power      Power      Power      Power (Watts)
----------------------------------------------------------------
Sequential             5.71e-03   1.51e-03   5.69e-07   7.23e-03  28.7%
Combinational          8.02e-03   9.91e-03   8.99e-08   1.79e-02  71.3%
Macro                  0.00e+00   0.00e+00   0.00e+00   0.00e+00   0.0%
Pad                    0.00e+00   0.00e+00   0.00e+00   0.00e+00   0.0%
----------------------------------------------------------------
Total                  1.37e-02   1.14e-02   6.59e-07   2.52e-02 100.0%
                          54.6%      45.4%       0.0%

