OpenROAD 41a51eaf4ca2171c92ff38afb91eb37bbd3f36da 
This program is licensed under the BSD-3 license. See the LICENSE file for details.
Components of this program may be licensed under more restrictive licenses which must be honored.
[INFO]: Reading ODB at '/openlane/designs/hexbs/runs/RUN_2025.12.23_20.06.50/tmp/15-hexbs_top.odb'…
define_corners Slowest Typical Fastest
read_liberty -corner Slowest /home/admin1/.ciel/sky130A/libs.ref/sky130_fd_sc_hd/lib/sky130_fd_sc_hd__ss_100C_1v60.lib
read_liberty -corner Typical /home/admin1/.ciel/sky130A/libs.ref/sky130_fd_sc_hd/lib/sky130_fd_sc_hd__tt_025C_1v80.lib
read_liberty -corner Fastest /home/admin1/.ciel/sky130A/libs.ref/sky130_fd_sc_hd/lib/sky130_fd_sc_hd__ff_n40C_1v95.lib
Using 1e-12 for capacitance...
Using 1e+03 for resistance...
Using 1e-09 for time...
Using 1e+00 for voltage...
Using 1e-03 for current...
Using 1e-09 for power...
Using 1e-06 for distance...
Reading design constraints file at '/openlane/designs/hexbs/runs/RUN_2025.12.23_20.06.50/tmp/15-hexbs_top.sdc'…
[INFO]: Setting signal min routing layer to: met1 and clock min routing layer to met3. 
[INFO]: Setting signal max routing layer to: met4 and clock max routing layer to met4. 
-congestion_iterations 50 -verbose -congestion_report_file /openlane/designs/hexbs/runs/RUN_2025.12.23_20.06.50/tmp/routing/resizer-routing-timing-congestion.rpt
[INFO GRT-0020] Min routing layer: met1
[INFO GRT-0021] Max routing layer: met4
[INFO GRT-0022] Global adjustment: 30%
[INFO GRT-0023] Grid origin: (0, 0)
[INFO GRT-0043] No OR_DEFAULT vias defined.
[INFO GRT-0088] Layer li1     Track-Pitch = 0.4600  line-2-Via Pitch: 0.3400
[INFO GRT-0088] Layer met1    Track-Pitch = 0.3400  line-2-Via Pitch: 0.3400
[INFO GRT-0088] Layer met2    Track-Pitch = 0.4600  line-2-Via Pitch: 0.3500
[INFO GRT-0088] Layer met3    Track-Pitch = 0.6800  line-2-Via Pitch: 0.6150
[INFO GRT-0088] Layer met4    Track-Pitch = 0.9200  line-2-Via Pitch: 0.6150
[INFO GRT-0019] Found 429 clock nets.
[INFO GRT-0001] Minimum degree: 2
[INFO GRT-0002] Maximum degree: 17
[INFO GRT-0003] Macros: 0
[INFO GRT-0004] Blockages: 31013

[INFO GRT-0053] Routing resources analysis:
          Routing      Original      Derated      Resource
Layer     Direction    Resources     Resources    Reduction (%)
---------------------------------------------------------------
li1        Vertical            0             0          0.00%
met1       Horizontal     262200        129649          50.55%
met2       Vertical       196650        130472          33.65%
met3       Horizontal     131100         91753          30.01%
met4       Vertical        91770         51208          44.20%
---------------------------------------------------------------

[INFO GRT-0101] Running extra iterations to remove overflow.
[INFO GRT-0197] Via related to pin nodes: 57951
[INFO GRT-0198] Via related Steiner nodes: 3267
[INFO GRT-0199] Via filling finished.
[INFO GRT-0111] Final number of vias: 72083
[INFO GRT-0112] Final usage 3D: 387960

[INFO GRT-0096] Final congestion report:
Layer         Resource        Demand        Usage (%)    Max H / Max V / Total Overflow
---------------------------------------------------------------------------------------
li1                  0             0            0.00%             0 /  0 /  0
met1            129649         59432           45.84%             0 /  0 /  0
met2            130472         68659           52.62%             0 /  0 /  0
met3             91753         24085           26.25%             0 /  0 /  0
met4             51208         19535           38.15%             0 /  0 /  0
---------------------------------------------------------------------------------------
Total           403082        171711           42.60%             0 /  0 /  0

[INFO GRT-0018] Total wirelength: 1441810 um
[INFO GRT-0014] Routed nets: 14133
[INFO]: Setting RC values...
[INFO GRT-0009] rerouting 5 nets.
[INFO GRT-0009] rerouting 8 nets.
[INFO GRT-0001] Minimum degree: 3
[INFO GRT-0002] Maximum degree: 5
[INFO GRT-0009] rerouting 5 nets.
[INFO GRT-0009] rerouting 10 nets.
[INFO GRT-0001] Minimum degree: 5
[INFO GRT-0002] Maximum degree: 5
[INFO GRT-0009] rerouting 4 nets.
[INFO GRT-0009] rerouting 7 nets.
[INFO GRT-0001] Minimum degree: 3
[INFO GRT-0002] Maximum degree: 3
[INFO GRT-0009] rerouting 3 nets.
[INFO GRT-0009] rerouting 5 nets.
[INFO GRT-0001] Minimum degree: 2147483647
[INFO GRT-0002] Maximum degree: 1
[WARNING RSZ-0073] driver pin wire3/X not found in global routes
[WARNING RSZ-0075] makeBufferedNet failed for driver wire3/X
[INFO GRT-0009] rerouting 5 nets.
[INFO GRT-0001] Minimum degree: 4
[INFO GRT-0002] Maximum degree: 9
[INFO GRT-0009] rerouting 3 nets.
[INFO GRT-0001] Minimum degree: 2
[INFO GRT-0002] Maximum degree: 5
[WARNING RSZ-0073] driver pin wire3/X not found in global routes
[WARNING RSZ-0075] makeBufferedNet failed for driver wire3/X
[INFO GRT-0009] rerouting 5 nets.
[WARNING RSZ-0073] driver pin wire3/X not found in global routes
[WARNING RSZ-0075] makeBufferedNet failed for driver wire3/X
[INFO GRT-0009] rerouting 9 nets.
[INFO GRT-0009] rerouting 14 nets.
[WARNING RSZ-0073] driver pin wire3/X not found in global routes
[WARNING RSZ-0075] makeBufferedNet failed for driver wire3/X
[INFO GRT-0009] rerouting 20 nets.
[WARNING RSZ-0073] driver pin wire3/X not found in global routes
[WARNING RSZ-0075] makeBufferedNet failed for driver wire3/X
[INFO GRT-0009] rerouting 24 nets.
[INFO GRT-0009] rerouting 26 nets.
[WARNING RSZ-0073] driver pin wire3/X not found in global routes
[WARNING RSZ-0075] makeBufferedNet failed for driver wire3/X
[INFO GRT-0009] rerouting 31 nets.
[INFO GRT-0001] Minimum degree: 9
[INFO GRT-0002] Maximum degree: 9
[INFO GRT-0009] rerouting 5 nets.
[INFO GRT-0001] Minimum degree: 4
[INFO GRT-0002] Maximum degree: 9
[INFO GRT-0009] rerouting 3 nets.
[WARNING RSZ-0073] driver pin wire3/X not found in global routes
[WARNING RSZ-0075] makeBufferedNet failed for driver wire3/X
[INFO GRT-0009] rerouting 6 nets.
[WARNING RSZ-0073] driver pin wire3/X not found in global routes
[WARNING RSZ-0075] makeBufferedNet failed for driver wire3/X
[INFO GRT-0009] rerouting 8 nets.
[WARNING RSZ-0073] driver pin wire3/X not found in global routes
[WARNING RSZ-0075] makeBufferedNet failed for driver wire3/X
[INFO GRT-0009] rerouting 13 nets.
[INFO GRT-0001] Minimum degree: 2
[INFO GRT-0002] Maximum degree: 2
[WARNING RSZ-0073] driver pin wire3/X not found in global routes
[WARNING RSZ-0075] makeBufferedNet failed for driver wire3/X
[INFO GRT-0009] rerouting 3 nets.
[INFO GRT-0009] rerouting 5 nets.
[WARNING RSZ-0073] driver pin wire3/X not found in global routes
[WARNING RSZ-0075] makeBufferedNet failed for driver wire3/X
[INFO GRT-0009] rerouting 10 nets.
[WARNING RSZ-0073] driver pin wire3/X not found in global routes
[WARNING RSZ-0075] makeBufferedNet failed for driver wire3/X
[INFO GRT-0009] rerouting 14 nets.
[INFO GRT-0009] rerouting 20 nets.
[INFO GRT-0009] rerouting 23 nets.
[INFO GRT-0009] rerouting 24 nets.
[INFO GRT-0001] Minimum degree: 2
[INFO GRT-0002] Maximum degree: 6
[WARNING RSZ-0073] driver pin wire3/X not found in global routes
[WARNING RSZ-0075] makeBufferedNet failed for driver wire3/X
[INFO GRT-0009] rerouting 2 nets.
[INFO GRT-0009] rerouting 5 nets.
[WARNING RSZ-0073] driver pin wire3/X not found in global routes
[WARNING RSZ-0075] makeBufferedNet failed for driver wire3/X
[INFO GRT-0009] rerouting 7 nets.
[INFO GRT-0001] Minimum degree: 3
[INFO GRT-0002] Maximum degree: 3
[WARNING RSZ-0073] driver pin wire3/X not found in global routes
[WARNING RSZ-0075] makeBufferedNet failed for driver wire3/X
[INFO GRT-0009] rerouting 2 nets.
[INFO GRT-0001] Minimum degree: 3
[INFO GRT-0002] Maximum degree: 3
[WARNING RSZ-0073] driver pin wire3/X not found in global routes
[WARNING RSZ-0075] makeBufferedNet failed for driver wire3/X
[INFO GRT-0009] rerouting 4 nets.
[WARNING RSZ-0073] driver pin wire3/X not found in global routes
[WARNING RSZ-0075] makeBufferedNet failed for driver wire3/X
[INFO GRT-0009] rerouting 9 nets.
[INFO GRT-0001] Minimum degree: 2
[INFO GRT-0002] Maximum degree: 2
[WARNING RSZ-0073] driver pin wire3/X not found in global routes
[WARNING RSZ-0075] makeBufferedNet failed for driver wire3/X
[INFO GRT-0009] rerouting 2 nets.
[WARNING RSZ-0073] driver pin wire3/X not found in global routes
[WARNING RSZ-0075] makeBufferedNet failed for driver wire3/X
[INFO GRT-0009] rerouting 4 nets.
[WARNING RSZ-0073] driver pin wire3/X not found in global routes
[WARNING RSZ-0075] makeBufferedNet failed for driver wire3/X
[INFO GRT-0009] rerouting 5 nets.
[WARNING RSZ-0073] driver pin wire3/X not found in global routes
[WARNING RSZ-0075] makeBufferedNet failed for driver wire3/X
[INFO GRT-0009] rerouting 9 nets.
[INFO GRT-0001] Minimum degree: 2
[INFO GRT-0002] Maximum degree: 2
[WARNING RSZ-0073] driver pin wire3/X not found in global routes
[WARNING RSZ-0075] makeBufferedNet failed for driver wire3/X
[INFO GRT-0009] rerouting 5 nets.
[INFO GRT-0009] rerouting 8 nets.
[INFO GRT-0001] Minimum degree: 5
[INFO GRT-0002] Maximum degree: 5
[INFO GRT-0009] rerouting 3 nets.
[WARNING RSZ-0073] driver pin wire3/X not found in global routes
[WARNING RSZ-0075] makeBufferedNet failed for driver wire3/X
[INFO GRT-0009] rerouting 6 nets.
[INFO GRT-0001] Minimum degree: 3
[INFO GRT-0002] Maximum degree: 8
[WARNING RSZ-0073] driver pin wire3/X not found in global routes
[WARNING RSZ-0075] makeBufferedNet failed for driver wire3/X
[INFO GRT-0009] rerouting 2 nets.
[WARNING RSZ-0073] driver pin wire3/X not found in global routes
[WARNING RSZ-0075] makeBufferedNet failed for driver wire3/X
[INFO GRT-0009] rerouting 5 nets.
[INFO GRT-0001] Minimum degree: 3
[INFO GRT-0002] Maximum degree: 3
[WARNING RSZ-0073] driver pin wire3/X not found in global routes
[WARNING RSZ-0075] makeBufferedNet failed for driver wire3/X
[INFO GRT-0009] rerouting 4 nets.
[INFO GRT-0009] rerouting 8 nets.
[WARNING RSZ-0073] driver pin wire3/X not found in global routes
[WARNING RSZ-0075] makeBufferedNet failed for driver wire3/X
[INFO GRT-0009] rerouting 10 nets.
[WARNING RSZ-0073] driver pin wire3/X not found in global routes
[WARNING RSZ-0075] makeBufferedNet failed for driver wire3/X
[INFO GRT-0009] rerouting 12 nets.
[WARNING RSZ-0073] driver pin wire3/X not found in global routes
[WARNING RSZ-0075] makeBufferedNet failed for driver wire3/X
[WARNING RSZ-0073] driver pin _10166_/Y not found in global routes
[WARNING RSZ-0075] makeBufferedNet failed for driver _10166_/Y
[INFO GRT-0009] rerouting 16 nets.
[INFO GRT-0001] Minimum degree: 2
[INFO GRT-0002] Maximum degree: 2
[WARNING RSZ-0073] driver pin wire3/X not found in global routes
[WARNING RSZ-0075] makeBufferedNet failed for driver wire3/X
[WARNING RSZ-0073] driver pin _10166_/Y not found in global routes
[WARNING RSZ-0075] makeBufferedNet failed for driver _10166_/Y
[INFO GRT-0009] rerouting 2 nets.
[INFO GRT-0001] Minimum degree: 2
[INFO GRT-0002] Maximum degree: 5
[WARNING RSZ-0073] driver pin wire3/X not found in global routes
[WARNING RSZ-0075] makeBufferedNet failed for driver wire3/X
[WARNING RSZ-0073] driver pin _10166_/Y not found in global routes
[WARNING RSZ-0075] makeBufferedNet failed for driver _10166_/Y
[INFO GRT-0009] rerouting 2 nets.
[INFO GRT-0001] Minimum degree: 4
[INFO GRT-0002] Maximum degree: 4
[WARNING RSZ-0073] driver pin wire3/X not found in global routes
[WARNING RSZ-0075] makeBufferedNet failed for driver wire3/X
[WARNING RSZ-0073] driver pin _10166_/Y not found in global routes
[WARNING RSZ-0075] makeBufferedNet failed for driver _10166_/Y
[INFO GRT-0009] rerouting 2 nets.
[INFO GRT-0001] Minimum degree: 4
[INFO GRT-0002] Maximum degree: 4
[WARNING RSZ-0073] driver pin wire3/X not found in global routes
[WARNING RSZ-0075] makeBufferedNet failed for driver wire3/X
[WARNING RSZ-0073] driver pin _10166_/Y not found in global routes
[WARNING RSZ-0075] makeBufferedNet failed for driver _10166_/Y
[INFO GRT-0009] rerouting 2 nets.
[INFO GRT-0001] Minimum degree: 2
[INFO GRT-0002] Maximum degree: 2
[INFO GRT-0009] rerouting 3 nets.
[INFO GRT-0001] Minimum degree: 3
[INFO GRT-0002] Maximum degree: 3
[WARNING RSZ-0073] driver pin wire3/X not found in global routes
[WARNING RSZ-0075] makeBufferedNet failed for driver wire3/X
[WARNING RSZ-0073] driver pin _10166_/Y not found in global routes
[WARNING RSZ-0075] makeBufferedNet failed for driver _10166_/Y
[WARNING RSZ-0073] driver pin _10105_/X not found in global routes
[WARNING RSZ-0075] makeBufferedNet failed for driver _10105_/X
[INFO RSZ-0040] Inserted 3 buffers.
[INFO RSZ-0041] Resized 47 instances.
[WARNING RSZ-0062] Unable to repair all setup violations.
[INFO RSZ-0033] No hold violations found.
Placement Analysis
---------------------------------
total displacement         35.7 u
average displacement        0.0 u
max displacement            6.9 u
original HPWL          966164.3 u
legalized HPWL         976996.9 u
delta HPWL                    1 %

[INFO DPL-0020] Mirrored 5439 instances
[INFO DPL-0021] HPWL before          976996.9 u
[INFO DPL-0022] HPWL after           966175.8 u
[INFO DPL-0023] HPWL delta               -1.1 %
Setting global connections for newly added cells…
Writing OpenROAD database to '/openlane/designs/hexbs/runs/RUN_2025.12.23_20.06.50/tmp/17-hexbs_top.odb'…
Writing netlist to '/openlane/designs/hexbs/runs/RUN_2025.12.23_20.06.50/tmp/17-hexbs_top.nl.v'…
Writing powered netlist to '/openlane/designs/hexbs/runs/RUN_2025.12.23_20.06.50/tmp/17-hexbs_top.pnl.v'…
Writing layout to '/openlane/designs/hexbs/runs/RUN_2025.12.23_20.06.50/tmp/17-hexbs_top.def'…
Writing timing constraints to '/openlane/designs/hexbs/runs/RUN_2025.12.23_20.06.50/tmp/17-hexbs_top.sdc'…
area_report

===========================================================================
report_design_area
============================================================================
Design area 163696 u^2 27% utilization.
area_report_end
