
61. Printing statistics.

=== hexbs_top ===

   Number of wires:              11510
   Number of wire bits:          11697
   Number of public wires:        2175
   Number of public wire bits:    2362
   Number of memories:               0
   Number of memory bits:            0
   Number of processes:              0
   Number of cells:              11558
     sky130_fd_sc_hd__a2111o_2     303
     sky130_fd_sc_hd__a2111oi_2      6
     sky130_fd_sc_hd__a211o_2       25
     sky130_fd_sc_hd__a211oi_2       1
     sky130_fd_sc_hd__a21bo_2       22
     sky130_fd_sc_hd__a21boi_2      21
     sky130_fd_sc_hd__a21o_2        81
     sky130_fd_sc_hd__a21oi_2       90
     sky130_fd_sc_hd__a221o_2       87
     sky130_fd_sc_hd__a221oi_2       1
     sky130_fd_sc_hd__a22o_2        80
     sky130_fd_sc_hd__a22oi_2        2
     sky130_fd_sc_hd__a2bb2o_2      15
     sky130_fd_sc_hd__a311o_2       13
     sky130_fd_sc_hd__a31o_2        82
     sky130_fd_sc_hd__a31oi_2        1
     sky130_fd_sc_hd__a32o_2       203
     sky130_fd_sc_hd__and2_2       249
     sky130_fd_sc_hd__and2b_2       29
     sky130_fd_sc_hd__and3_2      1214
     sky130_fd_sc_hd__and3b_2        7
     sky130_fd_sc_hd__and4_2        11
     sky130_fd_sc_hd__and4b_2        9
     sky130_fd_sc_hd__and4bb_2      13
     sky130_fd_sc_hd__buf_1       2936
     sky130_fd_sc_hd__buf_2          3
     sky130_fd_sc_hd__dfrtp_2       92
     sky130_fd_sc_hd__dfstp_2       17
     sky130_fd_sc_hd__dfxtp_2     2082
     sky130_fd_sc_hd__inv_2         76
     sky130_fd_sc_hd__mux2_2      2162
     sky130_fd_sc_hd__nand2_2      375
     sky130_fd_sc_hd__nand2b_2       1
     sky130_fd_sc_hd__nand3_2       38
     sky130_fd_sc_hd__nand4_2        2
     sky130_fd_sc_hd__nor2_2       188
     sky130_fd_sc_hd__nor3_2         8
     sky130_fd_sc_hd__nor4_2         5
     sky130_fd_sc_hd__nor4b_2        8
     sky130_fd_sc_hd__o2111a_2       1
     sky130_fd_sc_hd__o2111ai_2      1
     sky130_fd_sc_hd__o211a_2       13
     sky130_fd_sc_hd__o211ai_2       3
     sky130_fd_sc_hd__o21a_2        58
     sky130_fd_sc_hd__o21ai_2       71
     sky130_fd_sc_hd__o21ba_2        8
     sky130_fd_sc_hd__o21bai_2       7
     sky130_fd_sc_hd__o221a_2        5
     sky130_fd_sc_hd__o221ai_2       1
     sky130_fd_sc_hd__o22a_2         4
     sky130_fd_sc_hd__o22ai_2       13
     sky130_fd_sc_hd__o2bb2a_2       4
     sky130_fd_sc_hd__o2bb2ai_2      1
     sky130_fd_sc_hd__o311a_2        2
     sky130_fd_sc_hd__o31a_2        10
     sky130_fd_sc_hd__o31ai_2        2
     sky130_fd_sc_hd__o32a_2        21
     sky130_fd_sc_hd__o41a_2        11
     sky130_fd_sc_hd__or2_2        144
     sky130_fd_sc_hd__or2b_2        26
     sky130_fd_sc_hd__or3_2         63
     sky130_fd_sc_hd__or3b_2         8
     sky130_fd_sc_hd__or4_2        227
     sky130_fd_sc_hd__or4b_2        10
     sky130_fd_sc_hd__or4bb_2        1
     sky130_fd_sc_hd__xnor2_2      151
     sky130_fd_sc_hd__xor2_2       134

   Chip area for module '\hexbs_top': 120694.505600

