
===========================================================================
 report_power
============================================================================
======================= Fastest Corner ===================================

Group                  Internal  Switching    Leakage      Total
                          Power      Power      Power      Power (Watts)
----------------------------------------------------------------
Sequential             6.60e-03   1.66e-03   5.83e-07   8.27e-03  29.1%
Combinational          9.13e-03   1.10e-02   1.79e-07   2.02e-02  70.9%
Macro                  0.00e+00   0.00e+00   0.00e+00   0.00e+00   0.0%
Pad                    0.00e+00   0.00e+00   0.00e+00   0.00e+00   0.0%
----------------------------------------------------------------
Total                  1.57e-02   1.27e-02   7.62e-07   2.84e-02 100.0%
                          55.3%      44.7%       0.0%

======================= Slowest Corner ===================================

Group                  Internal  Switching    Leakage      Total
                          Power      Power      Power      Power (Watts)
----------------------------------------------------------------
Sequential             4.50e-03   1.10e-03   3.28e-05   5.63e-03  28.9%
Combinational          6.49e-03   7.30e-03   7.05e-05   1.39e-02  71.1%
Macro                  0.00e+00   0.00e+00   0.00e+00   0.00e+00   0.0%
Pad                    0.00e+00   0.00e+00   0.00e+00   0.00e+00   0.0%
----------------------------------------------------------------
Total                  1.10e-02   8.40e-03   1.03e-04   1.95e-02 100.0%
                          56.4%      43.1%       0.5%

======================= Typical Corner ===================================

Group                  Internal  Switching    Leakage      Total
                          Power      Power      Power      Power (Watts)
----------------------------------------------------------------
Sequential             5.72e-03   1.40e-03   5.69e-07   7.12e-03  29.1%
Combinational          8.02e-03   9.33e-03   8.99e-08   1.73e-02  70.9%
Macro                  0.00e+00   0.00e+00   0.00e+00   0.00e+00   0.0%
Pad                    0.00e+00   0.00e+00   0.00e+00   0.00e+00   0.0%
----------------------------------------------------------------
Total                  1.37e-02   1.07e-02   6.59e-07   2.45e-02 100.0%
                          56.1%      43.9%       0.0%

